TN:
SF:server.js
FN:50,(anonymous_0)
FN:52,(anonymous_1)
FN:66,(anonymous_2)
FN:75,(anonymous_3)
FN:100,(anonymous_4)
FN:121,(anonymous_5)
FN:130,(anonymous_6)
FN:138,(anonymous_7)
FN:140,(anonymous_8)
FN:145,(anonymous_9)
FN:146,(anonymous_10)
FN:147,(anonymous_11)
FN:148,(anonymous_12)
FNF:13
FNH:6
FNDA:1,(anonymous_0)
FNDA:21,(anonymous_1)
FNDA:21,(anonymous_2)
FNDA:1,(anonymous_3)
FNDA:1,(anonymous_4)
FNDA:0,(anonymous_5)
FNDA:1,(anonymous_6)
FNDA:0,(anonymous_7)
FNDA:0,(anonymous_8)
FNDA:0,(anonymous_9)
FNDA:0,(anonymous_10)
FNDA:0,(anonymous_11)
FNDA:0,(anonymous_12)
DA:6,1
DA:7,1
DA:8,1
DA:9,1
DA:10,1
DA:11,1
DA:12,1
DA:13,1
DA:15,1
DA:16,1
DA:17,1
DA:18,1
DA:21,1
DA:22,1
DA:23,1
DA:24,1
DA:25,1
DA:26,1
DA:27,1
DA:28,1
DA:29,1
DA:30,1
DA:32,1
DA:33,1
DA:36,1
DA:50,1
DA:51,1
DA:53,21
DA:54,0
DA:62,1
DA:63,1
DA:64,1
DA:65,1
DA:66,21
DA:69,1
DA:72,1
DA:75,1
DA:76,1
DA:87,1
DA:88,1
DA:89,1
DA:90,1
DA:91,1
DA:92,1
DA:93,1
DA:94,1
DA:95,1
DA:96,1
DA:97,1
DA:100,1
DA:101,1
DA:121,1
DA:122,0
DA:126,1
DA:127,1
DA:130,1
DA:131,1
DA:132,1
DA:133,1
DA:134,1
DA:138,1
DA:139,0
DA:140,0
DA:141,0
DA:142,0
DA:145,1
DA:146,1
DA:147,1
DA:148,1
DA:150,1
LF:70
LH:64
BRDA:33,0,0,1
BRDA:33,0,1,1
BRDA:50,1,0,1
BRDA:50,1,1,1
BRDA:53,2,0,21
BRDA:53,2,1,0
BRDA:53,3,0,21
BRDA:53,3,1,0
BRDA:82,4,0,1
BRDA:82,4,1,0
BRDA:104,5,0,1
BRDA:104,5,1,1
BRDA:132,6,0,1
BRDA:132,6,1,0
BRF:14
BRH:10
end_of_record
TN:
SF:backend/controllers/applicationsController.js
FN:16,(anonymous_0)
FN:33,(anonymous_1)
FN:77,(anonymous_2)
FN:84,(anonymous_3)
FN:86,(anonymous_4)
FN:91,(anonymous_5)
FNF:6
FNH:3
FNDA:2,(anonymous_0)
FNDA:3,(anonymous_1)
FNDA:0,(anonymous_2)
FNDA:0,(anonymous_3)
FNDA:0,(anonymous_4)
FNDA:1,(anonymous_5)
DA:6,1
DA:7,1
DA:8,1
DA:9,1
DA:10,1
DA:13,1
DA:16,1
DA:17,2
DA:18,2
DA:19,1
DA:30,1
DA:33,3
DA:34,1
DA:37,1
DA:38,1
DA:40,1
DA:42,1
DA:64,1
DA:65,1
DA:67,1
DA:77,1
DA:78,0
DA:79,0
DA:80,0
DA:84,1
DA:85,0
DA:86,0
DA:87,0
DA:91,1
DA:92,1
DA:93,1
DA:95,1
DA:99,1
DA:100,0
DA:103,1
DA:104,0
DA:107,1
DA:108,0
DA:111,1
DA:124,1
LF:40
LH:31
BRDA:18,0,0,1
BRDA:18,0,1,1
BRDA:33,1,0,3
BRDA:33,1,1,2
BRDA:34,2,0,0
BRDA:34,2,1,1
BRDA:47,3,0,1
BRDA:47,3,1,0
BRDA:58,4,0,1
BRDA:58,4,1,0
BRDA:59,5,0,1
BRDA:59,5,1,0
BRDA:70,6,0,1
BRDA:70,6,1,0
BRDA:79,7,0,0
BRDA:79,7,1,0
BRDA:95,8,0,1
BRDA:95,8,1,0
BRDA:99,9,0,0
BRDA:99,9,1,1
BRDA:103,10,0,0
BRDA:103,10,1,1
BRDA:107,11,0,0
BRDA:107,11,1,1
BRDA:107,12,0,1
BRDA:107,12,1,0
BRF:26
BRH:14
end_of_record
TN:
SF:backend/controllers/authController.js
FN:11,(anonymous_0)
FN:20,(anonymous_1)
FN:46,(anonymous_2)
FN:54,(anonymous_3)
FN:70,(anonymous_4)
FN:77,(anonymous_5)
FNF:6
FNH:3
FNDA:1,(anonymous_0)
FNDA:0,(anonymous_1)
FNDA:1,(anonymous_2)
FNDA:1,(anonymous_3)
FNDA:0,(anonymous_4)
FNDA:0,(anonymous_5)
DA:4,1
DA:5,1
DA:6,1
DA:7,1
DA:8,1
DA:9,1
DA:11,1
DA:12,1
DA:13,1
DA:14,0
DA:17,1
DA:18,1
DA:20,1
DA:21,0
DA:24,1
DA:25,1
DA:26,1
DA:34,1
DA:35,1
DA:37,1
DA:38,1
DA:43,0
DA:46,1
DA:47,1
DA:48,1
DA:49,0
DA:52,1
DA:53,1
DA:54,1
DA:56,1
DA:57,0
DA:60,1
DA:61,1
DA:63,1
DA:67,0
DA:70,1
DA:71,0
DA:72,0
DA:73,0
DA:74,0
DA:77,1
DA:78,0
DA:79,0
DA:82,1
LF:44
LH:32
BRDA:13,0,0,0
BRDA:13,0,1,1
BRDA:20,1,0,0
BRDA:20,1,1,1
BRDA:48,2,0,0
BRDA:48,2,1,1
BRDA:56,3,0,0
BRDA:56,3,1,1
BRDA:56,4,0,1
BRDA:56,4,1,1
BRDA:72,5,0,0
BRDA:72,5,1,0
BRF:12
BRH:6
end_of_record
TN:
SF:backend/controllers/cardsController.js
FN:10,(anonymous_0)
FN:29,(anonymous_1)
FN:41,(anonymous_2)
FN:42,(anonymous_3)
FN:43,(anonymous_4)
FN:44,(anonymous_5)
FN:45,(anonymous_6)
FN:46,(anonymous_7)
FN:47,(anonymous_8)
FN:48,(anonymous_9)
FN:49,(anonymous_10)
FN:54,(anonymous_11)
FN:55,(anonymous_12)
FN:56,(anonymous_13)
FN:57,(anonymous_14)
FN:58,(anonymous_15)
FN:73,(anonymous_16)
FN:75,(anonymous_17)
FN:76,(anonymous_18)
FN:83,(anonymous_19)
FN:86,(anonymous_20)
FN:87,(anonymous_21)
FN:94,(anonymous_22)
FN:95,(anonymous_23)
FN:101,(anonymous_24)
FN:102,(anonymous_25)
FN:106,(anonymous_26)
FN:109,(anonymous_27)
FN:111,(anonymous_28)
FN:118,(anonymous_29)
FN:126,(anonymous_30)
FNF:31
FNH:14
FNDA:2,(anonymous_0)
FNDA:2,(anonymous_1)
FNDA:12,(anonymous_2)
FNDA:0,(anonymous_3)
FNDA:0,(anonymous_4)
FNDA:0,(anonymous_5)
FNDA:0,(anonymous_6)
FNDA:0,(anonymous_7)
FNDA:0,(anonymous_8)
FNDA:0,(anonymous_9)
FNDA:0,(anonymous_10)
FNDA:29,(anonymous_11)
FNDA:0,(anonymous_12)
FNDA:0,(anonymous_13)
FNDA:0,(anonymous_14)
FNDA:0,(anonymous_15)
FNDA:1,(anonymous_16)
FNDA:12,(anonymous_17)
FNDA:24,(anonymous_18)
FNDA:0,(anonymous_19)
FNDA:0,(anonymous_20)
FNDA:0,(anonymous_21)
FNDA:2,(anonymous_22)
FNDA:13,(anonymous_23)
FNDA:1,(anonymous_24)
FNDA:1,(anonymous_25)
FNDA:12,(anonymous_26)
FNDA:13,(anonymous_27)
FNDA:15,(anonymous_28)
FNDA:0,(anonymous_29)
FNDA:0,(anonymous_30)
DA:6,1
DA:7,1
DA:10,1
DA:11,2
DA:12,2
DA:13,2
DA:14,2
DA:15,2
DA:29,1
DA:36,2
DA:38,2
DA:41,12
DA:42,2
DA:43,2
DA:44,2
DA:45,2
DA:46,2
DA:47,2
DA:48,2
DA:49,2
DA:52,2
DA:53,2
DA:54,29
DA:55,0
DA:56,0
DA:57,0
DA:58,0
DA:60,2
DA:62,2
DA:64,2
DA:73,1
DA:74,1
DA:75,12
DA:76,24
DA:79,1
DA:83,1
DA:84,0
DA:85,0
DA:86,0
DA:87,0
DA:90,0
DA:94,1
DA:95,13
DA:96,2
DA:97,1
DA:101,1
DA:102,1
DA:103,1
DA:105,1
DA:106,12
DA:109,13
DA:111,15
DA:114,1
DA:118,1
DA:119,0
DA:126,0
DA:127,0
DA:130,1
LF:58
LH:46
BRDA:10,0,0,0
BRDA:10,1,0,0
BRDA:31,2,0,2
BRDA:31,3,0,2
BRDA:34,4,0,2
BRDA:34,5,0,2
BRDA:41,6,0,1
BRDA:41,6,1,1
BRDA:42,7,0,0
BRDA:42,7,1,2
BRDA:43,8,0,0
BRDA:43,8,1,2
BRDA:44,9,0,0
BRDA:44,9,1,2
BRDA:45,10,0,0
BRDA:45,10,1,2
BRDA:46,11,0,0
BRDA:46,11,1,2
BRDA:47,12,0,0
BRDA:47,12,1,2
BRDA:48,13,0,0
BRDA:48,13,1,2
BRDA:49,14,0,0
BRDA:49,14,1,2
BRDA:52,15,0,0
BRDA:52,15,1,2
BRDA:60,16,0,2
BRDA:60,16,1,0
BRDA:75,17,0,12
BRDA:75,17,1,11
BRDA:84,18,0,0
BRDA:95,19,0,13
BRDA:95,19,1,12
BRDA:96,20,0,1
BRDA:96,20,1,1
BRDA:102,21,0,1
BRDA:102,21,1,0
BRDA:103,22,0,0
BRDA:103,22,1,1
BRDA:106,23,0,12
BRDA:106,23,1,11
BRDA:106,23,2,8
BRDA:106,23,3,7
BRDA:126,24,0,0
BRDA:126,24,1,0
BRF:45
BRH:28
end_of_record
TN:
SF:backend/controllers/comparisonController.js
FN:8,(anonymous_0)
FN:12,(anonymous_1)
FN:13,(anonymous_2)
FN:13,(anonymous_3)
FN:19,(anonymous_4)
FN:20,(anonymous_5)
FN:21,(anonymous_6)
FN:22,(anonymous_7)
FN:23,(anonymous_8)
FN:24,(anonymous_9)
FN:25,(anonymous_10)
FN:26,(anonymous_11)
FN:27,(anonymous_12)
FN:28,(anonymous_13)
FN:29,(anonymous_14)
FN:30,(anonymous_15)
FN:31,(anonymous_16)
FN:32,(anonymous_17)
FN:33,(anonymous_18)
FN:34,(anonymous_19)
FN:35,(anonymous_20)
FN:36,(anonymous_21)
FN:37,(anonymous_22)
FN:40,(anonymous_23)
FN:42,(anonymous_24)
FN:47,(anonymous_25)
FNF:26
FNH:26
FNDA:2,(anonymous_0)
FNDA:2,(anonymous_1)
FNDA:2,(anonymous_2)
FNDA:11,(anonymous_3)
FNDA:2,(anonymous_4)
FNDA:2,(anonymous_5)
FNDA:2,(anonymous_6)
FNDA:2,(anonymous_7)
FNDA:2,(anonymous_8)
FNDA:2,(anonymous_9)
FNDA:2,(anonymous_10)
FNDA:2,(anonymous_11)
FNDA:2,(anonymous_12)
FNDA:2,(anonymous_13)
FNDA:2,(anonymous_14)
FNDA:2,(anonymous_15)
FNDA:2,(anonymous_16)
FNDA:2,(anonymous_17)
FNDA:2,(anonymous_18)
FNDA:2,(anonymous_19)
FNDA:2,(anonymous_20)
FNDA:2,(anonymous_21)
FNDA:2,(anonymous_22)
FNDA:19,(anonymous_23)
FNDA:38,(anonymous_24)
FNDA:2,(anonymous_25)
DA:5,1
DA:6,1
DA:8,1
DA:9,2
DA:10,2
DA:12,2
DA:13,11
DA:15,1
DA:18,1
DA:19,2
DA:20,2
DA:21,2
DA:22,2
DA:23,2
DA:24,2
DA:25,2
DA:26,2
DA:27,2
DA:28,2
DA:29,2
DA:30,2
DA:31,2
DA:32,2
DA:33,2
DA:34,2
DA:35,2
DA:36,2
DA:37,2
DA:40,19
DA:42,38
DA:45,1
DA:47,2
DA:51,1
LF:33
LH:33
BRDA:10,0,0,1
BRDA:10,0,1,1
BRDA:13,1,0,11
BRDA:13,1,1,9
BRDA:15,2,0,0
BRDA:15,2,1,1
BRDA:19,3,0,0
BRDA:19,3,1,2
BRDA:20,4,0,0
BRDA:20,4,1,2
BRDA:21,5,0,2
BRDA:21,5,1,0
BRDA:30,6,0,1
BRDA:30,6,1,1
BRDA:34,7,0,2
BRDA:34,7,1,0
BRDA:35,8,0,2
BRDA:35,8,1,0
BRF:18
BRH:12
end_of_record
TN:
SF:backend/controllers/eligibilityController.js
FN:8,(anonymous_0)
FN:25,(anonymous_1)
FN:43,(anonymous_2)
FN:72,(anonymous_3)
FN:80,(anonymous_4)
FNF:5
FNH:5
FNDA:2,(anonymous_0)
FNDA:12,(anonymous_1)
FNDA:48,(anonymous_2)
FNDA:4,(anonymous_3)
FNDA:3,(anonymous_4)
DA:5,1
DA:6,1
DA:8,1
DA:9,2
DA:10,2
DA:11,1
DA:20,1
DA:22,1
DA:23,1
DA:25,1
DA:26,12
DA:30,12
DA:31,12
DA:32,12
DA:33,12
DA:35,12
DA:37,12
DA:43,48
DA:45,12
DA:69,12
DA:72,4
DA:74,1
DA:80,3
DA:89,1
LF:24
LH:24
BRDA:10,0,0,1
BRDA:10,0,1,1
BRDA:16,1,0,0
BRDA:17,2,0,0
BRDA:19,3,0,1
BRDA:26,4,0,12
BRDA:26,4,1,0
BRDA:33,5,0,12
BRDA:33,5,1,0
BRDA:35,6,0,12
BRDA:35,6,1,5
BRDA:35,6,2,5
BRDA:38,7,0,5
BRDA:38,7,1,7
BRDA:39,8,0,12
BRDA:39,8,1,0
BRDA:40,9,0,8
BRDA:40,9,1,4
BRDA:41,10,0,5
BRDA:41,10,1,7
BRDA:57,11,0,5
BRDA:57,11,1,7
BRDA:58,12,0,8
BRDA:58,12,1,4
BRDA:59,13,0,12
BRDA:59,13,1,0
BRDA:62,14,0,7
BRDA:62,14,1,5
BRDA:63,15,0,7
BRDA:63,15,1,7
BRDA:64,16,0,7
BRDA:64,16,1,4
BRDA:65,17,0,7
BRDA:65,17,1,0
BRDA:69,18,0,5
BRDA:69,18,1,7
BRF:36
BRH:29
end_of_record
TN:
SF:backend/controllers/searchController.js
FN:7,(anonymous_0)
FN:17,(anonymous_1)
FN:20,(anonymous_2)
FN:21,(anonymous_3)
FN:26,(anonymous_4)
FN:29,(anonymous_5)
FN:31,(anonymous_6)
FNF:7
FNH:6
FNDA:2,(anonymous_0)
FNDA:12,(anonymous_1)
FNDA:33,(anonymous_2)
FNDA:37,(anonymous_3)
FNDA:1,(anonymous_4)
FNDA:6,(anonymous_5)
FNDA:0,(anonymous_6)
DA:4,1
DA:5,1
DA:7,1
DA:8,2
DA:9,2
DA:10,1
DA:13,1
DA:14,1
DA:16,1
DA:18,12
DA:20,33
DA:21,37
DA:26,1
DA:28,1
DA:29,6
DA:31,0
DA:33,1
DA:41,1
LF:18
LH:17
BRDA:8,0,0,2
BRDA:9,1,0,1
BRDA:9,1,1,1
BRDA:9,2,0,2
BRDA:9,2,1,2
BRDA:18,3,0,12
BRDA:18,3,1,11
BRDA:18,3,2,11
BRDA:18,3,3,11
BRDA:18,3,4,11
BRDA:18,3,5,11
BRDA:29,4,0,6
BRDA:29,4,1,6
BRF:13
BRH:13
end_of_record
TN:
SF:backend/data/banks.js
FNF:0
FNH:0
DA:5,1
DA:116,1
LF:2
LH:2
BRF:0
BRH:0
end_of_record
TN:
SF:backend/data/cards.js
FNF:0
FNH:0
DA:6,1
DA:8,1
DA:548,1
LF:3
LH:3
BRF:0
BRH:0
end_of_record
TN:
SF:backend/middleware/auth.js
FN:12,(anonymous_0)
FN:29,(anonymous_1)
FN:42,(anonymous_2)
FNF:3
FNH:2
FNDA:1,(anonymous_0)
FNDA:0,(anonymous_1)
FNDA:2,(anonymous_2)
DA:5,1
DA:6,1
DA:7,1
DA:10,1
DA:12,1
DA:13,1
DA:14,1
DA:15,1
DA:16,1
DA:19,0
DA:20,0
DA:22,0
DA:23,0
DA:25,0
DA:29,1
DA:30,0
DA:31,0
DA:32,0
DA:33,0
DA:34,0
DA:39,0
DA:42,1
DA:43,2
DA:48,2
DA:53,2
DA:56,1
LF:26
LH:15
BRDA:15,0,0,1
BRDA:15,0,1,0
BRDA:15,1,0,1
BRDA:15,1,1,0
BRDA:20,2,0,0
BRDA:20,2,1,0
BRDA:32,3,0,0
BRDA:32,3,1,0
BRDA:32,4,0,0
BRDA:32,4,1,0
BRDA:34,5,0,0
BRDA:34,5,1,0
BRDA:45,6,0,2
BRDA:45,6,1,0
BRDA:46,7,0,2
BRDA:46,7,1,2
BRDA:50,8,0,2
BRDA:50,8,1,2
BRDA:51,9,0,2
BRDA:51,9,1,2
BRF:20
BRH:9
end_of_record
TN:
SF:backend/middleware/errorHandler.js
FN:8,(anonymous_0)
FN:17,(anonymous_1)
FNF:2
FNH:2
FNDA:3,(anonymous_0)
FNDA:3,(anonymous_1)
DA:5,1
DA:9,3
DA:10,3
DA:11,3
DA:12,3
DA:13,3
DA:17,1
DA:18,3
DA:19,3
DA:22,3
DA:23,0
DA:24,0
DA:28,3
DA:29,0
DA:30,0
DA:32,3
DA:33,0
DA:34,0
DA:38,3
DA:39,0
DA:41,3
DA:44,3
DA:56,1
DA:57,1
LF:24
LH:17
BRDA:8,0,0,0
BRDA:18,1,0,3
BRDA:18,1,1,0
BRDA:19,2,0,3
BRDA:19,2,1,0
BRDA:22,3,0,0
BRDA:22,3,1,3
BRDA:28,4,0,0
BRDA:28,4,1,3
BRDA:32,5,0,0
BRDA:32,5,1,3
BRDA:38,6,0,0
BRDA:38,6,1,3
BRDA:39,7,0,0
BRDA:39,7,1,0
BRDA:41,8,0,3
BRDA:41,8,1,0
BRDA:47,9,0,3
BRDA:47,9,1,0
BRDA:49,10,0,3
BRDA:49,10,1,0
BRF:21
BRH:9
end_of_record
TN:
SF:backend/middleware/logger.js
FN:25,(anonymous_0)
FNF:1
FNH:1
FNDA:62,(anonymous_0)
DA:10,1
DA:11,1
DA:12,1
DA:14,1
DA:16,1
DA:17,1
DA:18,1
DA:21,1
DA:26,62
DA:30,1
DA:37,1
DA:44,1
DA:46,1
DA:47,1
DA:48,1
DA:49,1
DA:64,0
DA:69,1
DA:82,1
DA:84,1
LF:20
LH:19
BRDA:18,0,0,1
BRDA:18,0,1,1
BRDA:26,1,0,62
BRDA:26,1,1,62
BRDA:39,2,0,0
BRDA:39,2,1,1
BRDA:44,3,0,1
BRDA:44,3,1,0
BRDA:48,4,0,0
BRDA:48,4,1,1
BRDA:70,5,0,1
BRDA:70,5,1,1
BRDA:71,6,0,0
BRDA:71,6,1,1
BRDA:75,7,0,1
BRDA:75,7,1,0
BRDA:82,8,0,1
BRDA:82,8,1,0
BRF:18
BRH:12
end_of_record
TN:
SF:backend/middleware/notFound.js
FN:4,(anonymous_0)
FNF:1
FNH:0
FNDA:0,(anonymous_0)
DA:4,1
DA:5,0
DA:15,1
LF:3
LH:2
BRF:0
BRH:0
end_of_record
TN:
SF:backend/middleware/rateLimiter.js
FN:21,(anonymous_0)
FNF:1
FNH:0
FNDA:0,(anonymous_0)
DA:5,1
DA:6,1
DA:9,1
DA:22,0
DA:23,0
DA:28,1
DA:41,1
DA:53,1
DA:54,1
DA:55,1
LF:10
LH:8
BRDA:10,0,0,1
BRDA:10,0,1,1
BRDA:11,1,0,1
BRDA:11,1,1,1
BRF:4
BRH:4
end_of_record
TN:
SF:backend/routes/applications.js
FNF:0
FNH:0
DA:1,1
DA:2,1
DA:3,1
DA:4,1
DA:5,1
DA:6,1
DA:8,1
DA:21,1
DA:22,1
DA:23,1
DA:25,1
LF:11
LH:11
BRF:0
BRH:0
end_of_record
TN:
SF:backend/routes/auth.js
FNF:0
FNH:0
DA:2,1
DA:3,1
DA:4,1
DA:5,1
DA:6,1
DA:7,1
DA:9,1
DA:17,1
DA:22,1
DA:23,1
DA:25,1
LF:11
LH:11
BRF:0
BRH:0
end_of_record
TN:
SF:backend/routes/banks.js
FN:11,(anonymous_0)
FN:15,(anonymous_1)
FN:16,(anonymous_2)
FN:18,(anonymous_3)
FN:22,(anonymous_4)
FN:23,(anonymous_5)
FN:25,(anonymous_6)
FNF:7
FNH:4
FNDA:1,(anonymous_0)
FNDA:1,(anonymous_1)
FNDA:1,(anonymous_2)
FNDA:12,(anonymous_3)
FNDA:0,(anonymous_4)
FNDA:0,(anonymous_5)
FNDA:0,(anonymous_6)
DA:5,1
DA:6,1
DA:7,1
DA:8,1
DA:9,1
DA:11,1
DA:12,1
DA:15,1
DA:16,1
DA:17,1
DA:18,12
DA:19,1
DA:22,1
DA:23,0
DA:24,0
DA:25,0
DA:26,0
DA:29,1
LF:18
LH:14
BRDA:16,0,0,1
BRDA:16,0,1,0
BRDA:17,1,0,0
BRDA:17,1,1,1
BRDA:24,2,0,0
BRDA:24,2,1,0
BRF:6
BRH:2
end_of_record
TN:
SF:backend/routes/cards.js
FNF:0
FNH:0
DA:5,1
DA:6,1
DA:10,1
DA:17,1
DA:23,1
DA:30,1
DA:36,1
DA:42,1
DA:48,1
DA:50,1
LF:10
LH:10
BRF:0
BRH:0
end_of_record
TN:
SF:backend/routes/categories.js
FN:17,(anonymous_0)
FN:18,(anonymous_1)
FN:20,(anonymous_2)
FN:25,(anonymous_3)
FN:27,(anonymous_4)
FNF:5
FNH:0
FNDA:0,(anonymous_0)
FNDA:0,(anonymous_1)
FNDA:0,(anonymous_2)
FNDA:0,(anonymous_3)
FNDA:0,(anonymous_4)
DA:2,1
DA:3,1
DA:4,1
DA:6,1
DA:17,1
DA:18,0
DA:20,0
DA:22,0
DA:25,1
DA:26,0
DA:27,0
DA:28,0
DA:29,0
DA:32,1
LF:14
LH:7
BRDA:28,0,0,0
BRDA:28,0,1,0
BRF:2
BRH:0
end_of_record
TN:
SF:backend/routes/comparison.js
FNF:0
FNH:0
DA:1,1
DA:2,1
DA:3,1
DA:9,1
DA:11,1
LF:5
LH:5
BRF:0
BRH:0
end_of_record
TN:
SF:backend/routes/eligibility.js
FNF:0
FNH:0
DA:1,1
DA:2,1
DA:3,1
DA:4,1
DA:6,1
DA:14,1
LF:6
LH:6
BRF:0
BRH:0
end_of_record
TN:
SF:backend/routes/lounges.js
FN:37,(anonymous_0)
FN:38,(anonymous_1)
FN:49,(anonymous_2)
FN:57,(anonymous_3)
FNF:4
FNH:0
FNDA:0,(anonymous_0)
FNDA:0,(anonymous_1)
FNDA:0,(anonymous_2)
FNDA:0,(anonymous_3)
DA:2,1
DA:3,1
DA:4,1
DA:6,1
DA:37,1
DA:38,0
DA:39,0
DA:49,0
DA:57,1
DA:58,0
DA:61,1
LF:11
LH:7
BRDA:38,0,0,0
BRDA:38,0,1,0
BRF:2
BRH:0
end_of_record
TN:
SF:backend/routes/rewards.js
FN:6,(anonymous_0)
FN:8,(anonymous_1)
FN:9,(anonymous_2)
FN:10,(anonymous_3)
FN:35,(anonymous_4)
FN:37,(anonymous_5)
FNF:6
FNH:0
FNDA:0,(anonymous_0)
FNDA:0,(anonymous_1)
FNDA:0,(anonymous_2)
FNDA:0,(anonymous_3)
FNDA:0,(anonymous_4)
FNDA:0,(anonymous_5)
DA:1,1
DA:2,1
DA:3,1
DA:6,1
DA:7,0
DA:8,0
DA:9,0
DA:10,0
DA:22,0
DA:35,1
DA:36,0
DA:37,0
DA:39,0
DA:41,0
DA:42,0
DA:43,0
DA:44,0
DA:46,0
DA:61,1
LF:19
LH:6
BRDA:36,0,0,0
BRDA:36,1,0,0
BRDA:37,2,0,0
BRDA:37,2,1,0
BRDA:39,3,0,0
BRDA:39,3,1,0
BRDA:42,4,0,0
BRDA:42,4,1,0
BRF:8
BRH:0
end_of_record
TN:
SF:backend/routes/search.js
FNF:0
FNH:0
DA:2,1
DA:3,1
DA:4,1
DA:5,1
DA:6,1
LF:5
LH:5
BRF:0
BRH:0
end_of_record
